/*C2*/SET SCHEMA PUBLIC
DISCONNECT
/*C4*/SET SCHEMA PUBLIC
create table Address (id bigint generated by default as identity (start with 1), city varchar(255), state varchar(255), street varchar(255), zip varchar(255), primary key (id))
create table Contact (id bigint generated by default as identity (start with 1), name varchar(255), address_id bigint, primary key (id))
alter table Contact add constraint FK9BEFBC00D9EB7F13 foreign key (address_id) references Address
/*C7*/SET SCHEMA PUBLIC
INSERT INTO ADDRESS VALUES(1,'','','','')
INSERT INTO CONTACT VALUES(1,'',1)
COMMIT
/*C4*/DELETE FROM CONTACT WHERE ID=1
DELETE FROM ADDRESS WHERE ID=1
COMMIT
/*C6*/SET SCHEMA PUBLIC
INSERT INTO ADDRESS VALUES(2,'sdas','asdasa','asaddfsdfsd','asdas')
INSERT INTO CONTACT VALUES(2,'dfdsf',2)
COMMIT
/*C3*/SET SCHEMA PUBLIC
DISCONNECT
/*C4*/DISCONNECT
/*C5*/SET SCHEMA PUBLIC
DISCONNECT
/*C6*/DISCONNECT
/*C7*/DISCONNECT
/*C8*/SET SCHEMA PUBLIC
DISCONNECT
/*C10*/SET SCHEMA PUBLIC
INSERT INTO ADDRESS VALUES(3,'sdas','asdasa','asaddfsdfsd','asdas')
INSERT INTO CONTACT VALUES(3,'dfdsf',3)
COMMIT
/*C14*/SET SCHEMA PUBLIC
DELETE FROM CONTACT WHERE ID=3
INSERT INTO CONTACT VALUES(3,'dfdsf213',3)
COMMIT
/*C11*/SET SCHEMA PUBLIC
DELETE FROM CONTACT WHERE ID=3
DELETE FROM ADDRESS WHERE ID=3
COMMIT
